<?xml version="1.0" encoding="UTF-8"?>
<!-- Generated by org.testng.reporters.JUnitXMLReporter -->
<testsuite hostname="JASMEETKAUR-PC" ignored="0" name="BankingApp Test" tests="2" failures="0" timestamp="03 Feb 2021 11:40:35 GMT" time="133.913" errors="0">
  <testcase name="LoginTest" time="33.885" classname="com.iNetBanking.TestClasses.LoginPageTest1"/>
  <testcase name="AddNewCust" time="34.226" classname="com.iNetBanking.TestClasses.AddNewCustomerTest1"/>
</testsuite> <!-- BankingApp Test -->
