<?xml version="1.0" encoding="UTF-8"?>
<testng-results skipped="0" failed="0" ignored="0" total="2" passed="2">
  <reporter-output>
  </reporter-output>
  <suite name="InetBankingV1" duration-ms="133913" started-at="2021-02-03T11:38:21Z" finished-at="2021-02-03T11:40:35Z">
    <groups>
    </groups>
    <test name="BankingApp Test" duration-ms="133913" started-at="2021-02-03T11:38:21Z" finished-at="2021-02-03T11:40:35Z">
      <class name="com.iNetBanking.TestClasses.LoginPageTest1">
        <test-method status="PASS" signature="SetUp(java.lang.String)[pri:0, instance:com.iNetBanking.TestClasses.LoginPageTest1@58c1c010]" name="SetUp" is-config="true" duration-ms="36836" started-at="2021-02-03T11:38:22Z" finished-at="2021-02-03T11:38:59Z">
          <params>
            <param index="0">
              <value>
                <![CDATA[chrome]]>
              </value>
            </param>
          </params>
          <reporter-output>
          </reporter-output>
        </test-method> <!-- SetUp -->
        <test-method status="PASS" signature="LoginTest()[pri:0, instance:com.iNetBanking.TestClasses.LoginPageTest1@58c1c010]" name="LoginTest" duration-ms="33885" started-at="2021-02-03T11:39:00Z" finished-at="2021-02-03T11:39:33Z">
          <reporter-output>
          </reporter-output>
        </test-method> <!-- LoginTest -->
      </class> <!-- com.iNetBanking.TestClasses.LoginPageTest1 -->
      <class name="com.iNetBanking.TestClasses.AddNewCustomerTest1">
        <test-method status="PASS" signature="SetUp(java.lang.String)[pri:0, instance:com.iNetBanking.TestClasses.AddNewCustomerTest1@b7f23d9]" name="SetUp" is-config="true" duration-ms="26925" started-at="2021-02-03T11:39:34Z" finished-at="2021-02-03T11:40:01Z">
          <params>
            <param index="0">
              <value>
                <![CDATA[chrome]]>
              </value>
            </param>
          </params>
          <reporter-output>
          </reporter-output>
        </test-method> <!-- SetUp -->
        <test-method status="PASS" signature="AddNewCust()[pri:0, instance:com.iNetBanking.TestClasses.AddNewCustomerTest1@b7f23d9]" name="AddNewCust" duration-ms="34226" started-at="2021-02-03T11:40:01Z" finished-at="2021-02-03T11:40:35Z">
          <reporter-output>
          </reporter-output>
        </test-method> <!-- AddNewCust -->
      </class> <!-- com.iNetBanking.TestClasses.AddNewCustomerTest1 -->
    </test> <!-- BankingApp Test -->
  </suite> <!-- InetBankingV1 -->
</testng-results>
