<?xml version="1.0" encoding="UTF-8"?>
<testng-results skipped="0" failed="0" total="1" passed="1">
  <reporter-output>
  </reporter-output>
  <suite name="InetBankingV1" duration-ms="33074" started-at="2021-02-03T11:08:36Z" finished-at="2021-02-03T11:09:09Z">
    <groups>
    </groups>
    <test name="BankingApp Test" duration-ms="33074" started-at="2021-02-03T11:08:36Z" finished-at="2021-02-03T11:09:09Z">
      <class name="com.iNetBanking.TestClasses.AddNewCustomerTest1">
        <test-method status="PASS" signature="SetUp(java.lang.String)[pri:0, instance:com.iNetBanking.TestClasses.AddNewCustomerTest1@16267862]" name="SetUp" is-config="true" duration-ms="13214" started-at="2021-02-03T16:38:36Z" finished-at="2021-02-03T16:38:49Z">
          <params>
            <param index="0">
              <value>
                <![CDATA[chrome]]>
              </value>
            </param>
          </params>
          <reporter-output>
          </reporter-output>
        </test-method> <!-- SetUp -->
        <test-method status="PASS" signature="AddNewCust()[pri:0, instance:com.iNetBanking.TestClasses.AddNewCustomerTest1@16267862]" name="AddNewCust" duration-ms="19112" started-at="2021-02-03T16:38:49Z" finished-at="2021-02-03T16:39:09Z">
          <reporter-output>
          </reporter-output>
        </test-method> <!-- AddNewCust -->
      </class> <!-- com.iNetBanking.TestClasses.AddNewCustomerTest1 -->
    </test> <!-- BankingApp Test -->
  </suite> <!-- InetBankingV1 -->
</testng-results>
